<?xml version="1.0" encoding="UTF-8"?>
<testsuite xmlns:xsi="http://www.w3.org/2001/XMLSchema-instance" xsi:noNamespaceSchemaLocation="https://maven.apache.org/surefire/maven-surefire-plugin/xsd/surefire-test-report-3.0.xsd" version="3.0" name="edu.guilford.ScrabbleSetExactScoresTest" time="0.069" tests="25" errors="0" skipped="0" failures="0">
  <properties>
[...]
</properties>
  <testcase name="testExactWordScore(String, int)[1]" classname="edu.guilford.ScrabbleSetExactScoresTest" time="0.021">
    <system-out><![CDATA[HELLO -> Expected: 8, Actual: 8
]]></system-out>
  </testcase>
  <testcase name="testExactWordScore(String, int)[2]" classname="edu.guilford.ScrabbleSetExactScoresTest" time="0.001">
    <system-out><![CDATA[WORLD -> Expected: 9, Actual: 9
]]></system-out>
  </testcase>
  <testcase name="testExactWordScore(String, int)[3]" classname="edu.guilford.ScrabbleSetExactScoresTest" time="0.001">
    <system-out><![CDATA[QUIZ -> Expected: 22, Actual: 22
]]></system-out>
  </testcase>
  <testcase name="testExactWordScore(String, int)[4]" classname="edu.guilford.ScrabbleSetExactScoresTest" time="0.0">
    <system-out><![CDATA[JAZZ -> Expected: -1, Actual: -1
]]></system-out>
  </testcase>
  <testcase name="testExactWordScore(String, int)[5]" classname="edu.guilford.ScrabbleSetExactScoresTest" time="0.0">
    <system-out><![CDATA[XYZ -> Expected: 22, Actual: 22
]]></system-out>
  </testcase>
  <testcase name="testExactWordScore(String, int)[6]" classname="edu.guilford.ScrabbleSetExactScoresTest" time="0.0">
    <system-out><![CDATA[ABRACADABRA -> Expected: 18, Actual: 18
]]></system-out>
  </testcase>
  <testcase name="testExactWordScore(String, int)[7]" classname="edu.guilford.ScrabbleSetExactScoresTest" time="0.0">
    <system-out><![CDATA[SYZYGY -> Expected: -1, Actual: -1
]]></system-out>
  </testcase>
  <testcase name="testExactWordScore(String, int)[8]" classname="edu.guilford.ScrabbleSetExactScoresTest" time="0.0">
    <system-out><![CDATA[COMPUTER -> Expected: 14, Actual: 14
]]></system-out>
  </testcase>
  <testcase name="testExactWordScore(String, int)[9]" classname="edu.guilford.ScrabbleSetExactScoresTest" time="0.001">
    <system-out><![CDATA[PROGRAM -> Expected: 12, Actual: 12
]]></system-out>
  </testcase>
  <testcase name="testExactWordScore(String, int)[10]" classname="edu.guilford.ScrabbleSetExactScoresTest" time="0.001">
    <system-out><![CDATA[SERENDIPITY -> Expected: 17, Actual: 17
]]></system-out>
  </testcase>
  <testcase name="testExactWordScore(String, int)[11]" classname="edu.guilford.ScrabbleSetExactScoresTest" time="0.001">
    <system-out><![CDATA[PALINDROME -> Expected: 15, Actual: 15
]]></system-out>
  </testcase>
  <testcase name="testExactWordScore(String, int)[12]" classname="edu.guilford.ScrabbleSetExactScoresTest" time="0.001">
    <system-out><![CDATA[QUEUE -> Expected: 14, Actual: 14
]]></system-out>
  </testcase>
  <testcase name="testExactWordScore(String, int)[13]" classname="edu.guilford.ScrabbleSetExactScoresTest" time="0.001">
    <system-out><![CDATA[JAVA -> Expected: 14, Actual: 14
]]></system-out>
  </testcase>
  <testcase name="testExactWordScore(String, int)[14]" classname="edu.guilford.ScrabbleSetExactScoresTest" time="0.0">
    <system-out><![CDATA[SCRABBLE -> Expected: 14, Actual: 14
]]></system-out>
  </testcase>
  <testcase name="testExactWordScore(String, int)[15]" classname="edu.guilford.ScrabbleSetExactScoresTest" time="0.0">
    <system-out><![CDATA[RHYTHM -> Expected: 17, Actual: 17
]]></system-out>
  </testcase>
  <testcase name="testExactWordScore(String, int)[16]" classname="edu.guilford.ScrabbleSetExactScoresTest" time="0.0">
    <system-out><![CDATA[MYTH -> Expected: 12, Actual: 12
]]></system-out>
  </testcase>
  <testcase name="testExactWordScore(String, int)[17]" classname="edu.guilford.ScrabbleSetExactScoresTest" time="0.001">
    <system-out><![CDATA[POLYNYA -> Expected: 15, Actual: 15
]]></system-out>
  </testcase>
  <testcase name="testExactWordScore(String, int)[18]" classname="edu.guilford.ScrabbleSetExactScoresTest" time="0.001">
    <system-out><![CDATA[ZYMURGY -> Expected: 25, Actual: 25
]]></system-out>
  </testcase>
  <testcase name="testExactWordScore(String, int)[19]" classname="edu.guilford.ScrabbleSetExactScoresTest" time="0.0">
    <system-out><![CDATA[BENCH -> Expected: 12, Actual: 12
]]></system-out>
  </testcase>
  <testcase name="testExactWordScore(String, int)[20]" classname="edu.guilford.ScrabbleSetExactScoresTest" time="0.0">
    <system-out><![CDATA[KWANZAA -> Expected: 23, Actual: 23
]]></system-out>
  </testcase>
  <testcase name="testExactWordScore(String, int)[21]" classname="edu.guilford.ScrabbleSetExactScoresTest" time="0.0">
    <system-out><![CDATA[XYLOPHONE -> Expected: 24, Actual: 24
]]></system-out>
  </testcase>
  <testcase name="testExactWordScore(String, int)[22]" classname="edu.guilford.ScrabbleSetExactScoresTest" time="0.001">
    <system-out><![CDATA[BAGPIPES -> Expected: 15, Actual: 15
]]></system-out>
  </testcase>
  <testcase name="testExactWordScore(String, int)[23]" classname="edu.guilford.ScrabbleSetExactScoresTest" time="0.0">
    <system-out><![CDATA[PUZZLE -> Expected: -1, Actual: -1
]]></system-out>
  </testcase>
  <testcase name="testExactWordScore(String, int)[24]" classname="edu.guilford.ScrabbleSetExactScoresTest" time="0.0">
    <system-out><![CDATA[SQUEEZY -> Expected: 28, Actual: 28
]]></system-out>
  </testcase>
  <testcase name="testExactWordScore(String, int)[25]" classname="edu.guilford.ScrabbleSetExactScoresTest" time="0.001">
    <system-out><![CDATA[EXAMPLES -> Expected: 19, Actual: 19
]]></system-out>
  </testcase>
</testsuite>